<?xml version="1.0" encoding="UTF-8"?>
<testsuite xmlns:xsi="http://www.w3.org/2001/XMLSchema-instance" xsi:noNamespaceSchemaLocation="https://maven.apache.org/surefire/maven-surefire-plugin/xsd/surefire-test-report.xsd" version="3.0.2" name="com.gymTracker.GymTracker.GymTrackerApplicationTests" time="21.259" tests="1" errors="0" skipped="0" failures="0">
  <properties>
[...]
</properties>
  <testcase name="contextLoads" classname="com.gymTracker.GymTracker.GymTrackerApplicationTests" time="1.737">
    <system-out><![CDATA[16:19:01.531 [main] INFO org.springframework.test.context.support.AnnotationConfigContextLoaderUtils -- Could not detect default configuration classes for test class [com.gymTracker.GymTracker.GymTrackerApplicationTests]: GymTrackerApplicationTests does not declare any static, non-private, non-final, nested classes annotated with @Configuration.
16:19:01.839 [main] INFO org.springframework.boot.test.context.SpringBootTestContextBootstrapper -- Found @SpringBootConfiguration com.gymTracker.GymTracker.GymTrackerApplication for test class com.gymTracker.GymTracker.GymTrackerApplicationTests
16:19:02.271 [main] INFO org.springframework.boot.devtools.restart.RestartApplicationListener -- Restart disabled due to context in which it is running

  .   ____          _            __ _ _
 /\\ / ___'_ __ _ _(_)_ __  __ _ \ \ \ \
( ( )\___ | '_ | '_| | '_ \/ _` | \ \ \ \
 \\/  ___)| |_)| | | | | || (_| |  ) ) ) )
  '  |____| .__|_| |_|_| |_\__, | / / / /
 =========|_|==============|___/=/_/_/_/

 :: Spring Boot ::                (v3.4.4)

2025-04-29T16:19:03.094+01:00  INFO 7008 --- [GymTracker] [           main] c.g.G.GymTrackerApplicationTests         : Starting GymTrackerApplicationTests using Java 17.0.15 with PID 7008 (started by AbdulBasit in C:\Users\AbdulBasit\Desktop\Coding\Java Applications\GymTracker)
2025-04-29T16:19:03.097+01:00  INFO 7008 --- [GymTracker] [           main] c.g.G.GymTrackerApplicationTests         : No active profile set, falling back to 1 default profile: "default"
2025-04-29T16:19:05.555+01:00  INFO 7008 --- [GymTracker] [           main] .s.d.r.c.RepositoryConfigurationDelegate : Bootstrapping Spring Data JPA repositories in DEFAULT mode.
2025-04-29T16:19:05.738+01:00  INFO 7008 --- [GymTracker] [           main] .s.d.r.c.RepositoryConfigurationDelegate : Finished Spring Data repository scanning in 149 ms. Found 2 JPA repository interfaces.
2025-04-29T16:19:06.996+01:00  INFO 7008 --- [GymTracker] [           main] o.hibernate.jpa.internal.util.LogHelper  : HHH000204: Processing PersistenceUnitInfo [name: default]
2025-04-29T16:19:07.153+01:00  INFO 7008 --- [GymTracker] [           main] org.hibernate.Version                    : HHH000412: Hibernate ORM core version 6.6.11.Final
2025-04-29T16:19:07.252+01:00  INFO 7008 --- [GymTracker] [           main] o.h.c.internal.RegionFactoryInitiator    : HHH000026: Second-level cache disabled
2025-04-29T16:19:08.105+01:00  INFO 7008 --- [GymTracker] [           main] o.s.o.j.p.SpringPersistenceUnitInfo      : No LoadTimeWeaver setup: ignoring JPA class transformer
2025-04-29T16:19:08.182+01:00  INFO 7008 --- [GymTracker] [           main] com.zaxxer.hikari.HikariDataSource       : HikariPool-1 - Starting...
2025-04-29T16:19:14.045+01:00  INFO 7008 --- [GymTracker] [           main] com.zaxxer.hikari.pool.HikariPool        : HikariPool-1 - Added connection com.mysql.cj.jdbc.ConnectionImpl@fd87c22
2025-04-29T16:19:14.059+01:00  INFO 7008 --- [GymTracker] [           main] com.zaxxer.hikari.HikariDataSource       : HikariPool-1 - Start completed.
2025-04-29T16:19:15.097+01:00  WARN 7008 --- [GymTracker] [           main] org.hibernate.orm.deprecation            : HHH90000025: MySQLDialect does not need to be specified explicitly using 'hibernate.dialect' (remove the property setting and it will be selected by default)
2025-04-29T16:19:15.147+01:00  INFO 7008 --- [GymTracker] [           main] org.hibernate.orm.connections.pooling    : HHH10001005: Database info:
	Database JDBC URL [Connecting through datasource 'HikariDataSource (HikariPool-1)']
	Database driver: undefined/unknown
	Database version: 9.3
	Autocommit mode: undefined/unknown
	Isolation level: undefined/unknown
	Minimum pool size: undefined/unknown
	Maximum pool size: undefined/unknown
2025-04-29T16:19:17.240+01:00  INFO 7008 --- [GymTracker] [           main] o.h.e.t.j.p.i.JtaPlatformInitiator       : HHH000489: No JTA platform available (set 'hibernate.transaction.jta.platform' to enable JTA platform integration)
2025-04-29T16:19:18.265+01:00  INFO 7008 --- [GymTracker] [           main] j.LocalContainerEntityManagerFactoryBean : Initialized JPA EntityManagerFactory for persistence unit 'default'
2025-04-29T16:19:19.054+01:00  WARN 7008 --- [GymTracker] [           main] JpaBaseConfiguration$JpaWebConfiguration : spring.jpa.open-in-view is enabled by default. Therefore, database queries may be performed during view rendering. Explicitly configure spring.jpa.open-in-view to disable this warning
2025-04-29T16:19:19.093+01:00  WARN 7008 --- [GymTracker] [           main] r$InitializeUserDetailsManagerConfigurer : Found 2 UserDetailsService beans, with names [customUserDetailsService, userDetailsService]. Global Authentication Manager will not use a UserDetailsService for username/password login. Consider publishing a single UserDetailsService bean.
2025-04-29T16:19:19.880+01:00  INFO 7008 --- [GymTracker] [           main] o.s.s.p.JdbcUserDetailsManager           : No authentication manager set. Reauthentication of users when changing passwords will not be performed.
2025-04-29T16:19:20.563+01:00  INFO 7008 --- [GymTracker] [           main] c.g.G.GymTrackerApplicationTests         : Started GymTrackerApplicationTests in 18.324 seconds (process running for 23.831)
]]></system-out>
  </testcase>
</testsuite>